mode: atomic
github.com/mark3labs/iteratr/internal/template/template.go:34.53,47.47 3 6
github.com/mark3labs/iteratr/internal/template/template.go:47.47,49.3 1 42
github.com/mark3labs/iteratr/internal/template/template.go:51.2,51.15 1 6
github.com/mark3labs/iteratr/internal/template/template.go:56.48,58.16 2 5
github.com/mark3labs/iteratr/internal/template/template.go:58.16,60.3 1 2
github.com/mark3labs/iteratr/internal/template/template.go:61.2,61.26 1 3
github.com/mark3labs/iteratr/internal/template/template.go:67.53,68.22 1 3
github.com/mark3labs/iteratr/internal/template/template.go:68.22,70.3 1 1
github.com/mark3labs/iteratr/internal/template/template.go:71.2,71.33 1 2
github.com/mark3labs/iteratr/internal/template/template.go:86.72,89.16 2 0
github.com/mark3labs/iteratr/internal/template/template.go:89.16,91.3 1 0
github.com/mark3labs/iteratr/internal/template/template.go:94.2,95.24 2 0
github.com/mark3labs/iteratr/internal/template/template.go:95.24,97.17 2 0
github.com/mark3labs/iteratr/internal/template/template.go:97.17,99.4 1 0
github.com/mark3labs/iteratr/internal/template/template.go:100.3,100.29 1 0
github.com/mark3labs/iteratr/internal/template/template.go:104.2,105.16 2 0
github.com/mark3labs/iteratr/internal/template/template.go:105.16,107.3 1 0
github.com/mark3labs/iteratr/internal/template/template.go:110.2,121.43 2 0
github.com/mark3labs/iteratr/internal/template/template.go:125.47,126.27 1 3
github.com/mark3labs/iteratr/internal/template/template.go:126.27,128.3 1 1
github.com/mark3labs/iteratr/internal/template/template.go:130.2,131.34 2 2
github.com/mark3labs/iteratr/internal/template/template.go:131.34,132.16 1 4
github.com/mark3labs/iteratr/internal/template/template.go:132.16,134.4 1 2
github.com/mark3labs/iteratr/internal/template/template.go:137.2,137.22 1 2
github.com/mark3labs/iteratr/internal/template/template.go:137.22,139.3 1 1
github.com/mark3labs/iteratr/internal/template/template.go:141.2,143.29 3 1
github.com/mark3labs/iteratr/internal/template/template.go:143.29,149.3 1 2
github.com/mark3labs/iteratr/internal/template/template.go:150.2,150.20 1 1
github.com/mark3labs/iteratr/internal/template/template.go:154.47,155.27 1 2
github.com/mark3labs/iteratr/internal/template/template.go:155.27,157.3 1 1
github.com/mark3labs/iteratr/internal/template/template.go:160.2,161.35 2 1
github.com/mark3labs/iteratr/internal/template/template.go:161.35,163.3 1 3
github.com/mark3labs/iteratr/internal/template/template.go:165.2,167.33 3 1
github.com/mark3labs/iteratr/internal/template/template.go:167.33,169.22 2 4
github.com/mark3labs/iteratr/internal/template/template.go:169.22,170.12 1 1
github.com/mark3labs/iteratr/internal/template/template.go:174.3,176.30 3 3
github.com/mark3labs/iteratr/internal/template/template.go:176.30,178.4 1 3
github.com/mark3labs/iteratr/internal/template/template.go:180.2,180.20 1 1
github.com/mark3labs/iteratr/internal/template/template.go:184.47,185.27 1 2
github.com/mark3labs/iteratr/internal/template/template.go:185.27,187.3 1 1
github.com/mark3labs/iteratr/internal/template/template.go:190.2,191.35 2 1
github.com/mark3labs/iteratr/internal/template/template.go:191.35,193.3 1 4
github.com/mark3labs/iteratr/internal/template/template.go:195.2,197.34 3 1
github.com/mark3labs/iteratr/internal/template/template.go:197.34,199.22 2 4
github.com/mark3labs/iteratr/internal/template/template.go:199.22,200.12 1 0
github.com/mark3labs/iteratr/internal/template/template.go:204.3,206.30 3 4
github.com/mark3labs/iteratr/internal/template/template.go:206.30,208.26 2 4
github.com/mark3labs/iteratr/internal/template/template.go:208.26,210.5 1 2
github.com/mark3labs/iteratr/internal/template/template.go:211.4,211.87 1 4
github.com/mark3labs/iteratr/internal/template/template.go:215.2,215.20 1 1
github.com/mark3labs/iteratr/internal/session/control.go:13.76,24.16 3 4
github.com/mark3labs/iteratr/internal/session/control.go:24.16,26.3 1 0
github.com/mark3labs/iteratr/internal/session/control.go:28.2,28.12 1 4
github.com/mark3labs/iteratr/internal/session/inbox.go:25.104,27.26 1 7
github.com/mark3labs/iteratr/internal/session/inbox.go:27.26,29.3 1 1
github.com/mark3labs/iteratr/internal/session/inbox.go:32.2,46.16 5 6
github.com/mark3labs/iteratr/internal/session/inbox.go:46.16,48.3 1 0
github.com/mark3labs/iteratr/internal/session/inbox.go:51.2,58.17 2 6
github.com/mark3labs/iteratr/internal/session/inbox.go:63.102,65.21 1 5
github.com/mark3labs/iteratr/internal/session/inbox.go:65.21,67.3 1 0
github.com/mark3labs/iteratr/internal/session/inbox.go:70.2,71.16 2 5
github.com/mark3labs/iteratr/internal/session/inbox.go:71.16,73.3 1 0
github.com/mark3labs/iteratr/internal/session/inbox.go:76.2,77.16 2 5
github.com/mark3labs/iteratr/internal/session/inbox.go:77.16,79.3 1 2
github.com/mark3labs/iteratr/internal/session/inbox.go:82.2,95.12 4 3
github.com/mark3labs/iteratr/internal/session/inbox.go:99.84,102.16 2 1
github.com/mark3labs/iteratr/internal/session/inbox.go:102.16,104.3 1 0
github.com/mark3labs/iteratr/internal/session/inbox.go:107.2,108.34 2 1
github.com/mark3labs/iteratr/internal/session/inbox.go:108.34,109.16 1 4
github.com/mark3labs/iteratr/internal/session/inbox.go:109.16,111.4 1 3
github.com/mark3labs/iteratr/internal/session/inbox.go:114.2,114.20 1 1
github.com/mark3labs/iteratr/internal/session/inbox.go:120.72,122.25 1 5
github.com/mark3labs/iteratr/internal/session/inbox.go:122.25,124.3 1 1
github.com/mark3labs/iteratr/internal/session/inbox.go:127.2,128.34 2 4
github.com/mark3labs/iteratr/internal/session/inbox.go:128.34,129.68 1 15
github.com/mark3labs/iteratr/internal/session/inbox.go:129.68,131.4 1 3
github.com/mark3labs/iteratr/internal/session/inbox.go:135.2,135.22 1 4
github.com/mark3labs/iteratr/internal/session/inbox.go:136.9,137.61 1 1
github.com/mark3labs/iteratr/internal/session/inbox.go:138.9,139.25 1 3
github.com/mark3labs/iteratr/internal/session/inbox.go:140.10,141.107 1 0
github.com/mark3labs/iteratr/internal/session/iteration.go:13.87,18.16 2 6
github.com/mark3labs/iteratr/internal/session/iteration.go:18.16,20.3 1 0
github.com/mark3labs/iteratr/internal/session/iteration.go:23.2,33.16 3 6
github.com/mark3labs/iteratr/internal/session/iteration.go:33.16,35.3 1 0
github.com/mark3labs/iteratr/internal/session/iteration.go:37.2,37.12 1 6
github.com/mark3labs/iteratr/internal/session/iteration.go:42.90,47.16 2 3
github.com/mark3labs/iteratr/internal/session/iteration.go:47.16,49.3 1 0
github.com/mark3labs/iteratr/internal/session/iteration.go:52.2,62.16 3 3
github.com/mark3labs/iteratr/internal/session/iteration.go:62.16,64.3 1 0
github.com/mark3labs/iteratr/internal/session/iteration.go:66.2,66.12 1 3
github.com/mark3labs/iteratr/internal/session/note.go:27.99,29.26 1 13
github.com/mark3labs/iteratr/internal/session/note.go:29.26,31.3 1 1
github.com/mark3labs/iteratr/internal/session/note.go:32.2,32.23 1 12
github.com/mark3labs/iteratr/internal/session/note.go:32.23,34.3 1 1
github.com/mark3labs/iteratr/internal/session/note.go:37.2,37.35 1 11
github.com/mark3labs/iteratr/internal/session/note.go:37.35,39.3 1 1
github.com/mark3labs/iteratr/internal/session/note.go:42.2,63.16 6 10
github.com/mark3labs/iteratr/internal/session/note.go:63.16,65.3 1 0
github.com/mark3labs/iteratr/internal/session/note.go:68.2,76.18 2 10
github.com/mark3labs/iteratr/internal/session/note.go:80.103,83.16 2 3
github.com/mark3labs/iteratr/internal/session/note.go:83.16,85.3 1 0
github.com/mark3labs/iteratr/internal/session/note.go:88.2,88.23 1 3
github.com/mark3labs/iteratr/internal/session/note.go:88.23,90.3 1 1
github.com/mark3labs/iteratr/internal/session/note.go:93.2,93.35 1 2
github.com/mark3labs/iteratr/internal/session/note.go:93.35,95.3 1 1
github.com/mark3labs/iteratr/internal/session/note.go:98.2,99.35 2 1
github.com/mark3labs/iteratr/internal/session/note.go:99.35,100.31 1 9
github.com/mark3labs/iteratr/internal/session/note.go:100.31,102.4 1 4
github.com/mark3labs/iteratr/internal/session/note.go:105.2,105.22 1 1
github.com/mark3labs/iteratr/internal/session/note.go:109.44,110.18 1 13
github.com/mark3labs/iteratr/internal/session/note.go:111.46,112.14 1 11
github.com/mark3labs/iteratr/internal/session/note.go:113.10,114.15 1 2
github.com/mark3labs/iteratr/internal/session/session.go:34.71,39.2 1 7
github.com/mark3labs/iteratr/internal/session/session.go:44.91,46.30 1 43
github.com/mark3labs/iteratr/internal/session/session.go:46.30,48.3 1 18
github.com/mark3labs/iteratr/internal/session/session.go:51.2,52.16 2 43
github.com/mark3labs/iteratr/internal/session/session.go:52.16,54.3 1 0
github.com/mark3labs/iteratr/internal/session/session.go:57.2,61.16 3 43
github.com/mark3labs/iteratr/internal/session/session.go:61.16,63.3 1 0
github.com/mark3labs/iteratr/internal/session/session.go:65.2,65.17 1 43
github.com/mark3labs/iteratr/internal/session/session.go:116.37,117.20 1 131
github.com/mark3labs/iteratr/internal/session/session.go:118.26,119.27 1 37
github.com/mark3labs/iteratr/internal/session/session.go:120.26,121.27 1 35
github.com/mark3labs/iteratr/internal/session/session.go:122.27,123.28 1 39
github.com/mark3labs/iteratr/internal/session/session.go:124.31,125.32 1 16
github.com/mark3labs/iteratr/internal/session/session.go:126.29,127.30 1 4
github.com/mark3labs/iteratr/internal/session/session.go:132.46,133.22 1 37
github.com/mark3labs/iteratr/internal/session/session.go:134.13,143.24 3 33
github.com/mark3labs/iteratr/internal/session/session.go:143.24,145.4 1 0
github.com/mark3labs/iteratr/internal/session/session.go:148.3,156.28 2 33
github.com/mark3labs/iteratr/internal/session/session.go:158.16,168.52 3 4
github.com/mark3labs/iteratr/internal/session/session.go:168.52,172.4 3 4
github.com/mark3labs/iteratr/internal/session/session.go:177.46,178.22 1 35
github.com/mark3labs/iteratr/internal/session/session.go:179.13,195.36 4 35
github.com/mark3labs/iteratr/internal/session/session.go:200.47,201.22 1 39
github.com/mark3labs/iteratr/internal/session/session.go:202.13,210.35 2 30
github.com/mark3labs/iteratr/internal/session/session.go:212.19,220.32 3 9
github.com/mark3labs/iteratr/internal/session/session.go:220.32,221.32 1 26
github.com/mark3labs/iteratr/internal/session/session.go:221.32,223.10 2 9
github.com/mark3labs/iteratr/internal/session/session.go:230.51,231.22 1 16
github.com/mark3labs/iteratr/internal/session/session.go:232.15,245.46 4 11
github.com/mark3labs/iteratr/internal/session/session.go:247.18,255.38 3 5
github.com/mark3labs/iteratr/internal/session/session.go:255.38,256.34 1 9
github.com/mark3labs/iteratr/internal/session/session.go:256.34,259.10 3 5
github.com/mark3labs/iteratr/internal/session/session.go:266.49,267.22 1 4
github.com/mark3labs/iteratr/internal/session/session.go:268.26,269.21 1 4
github.com/mark3labs/iteratr/internal/session/session.go:275.80,282.16 2 27
github.com/mark3labs/iteratr/internal/session/session.go:282.16,284.3 1 0
github.com/mark3labs/iteratr/internal/session/session.go:287.2,295.6 3 27
github.com/mark3labs/iteratr/internal/session/session.go:295.6,298.17 2 27
github.com/mark3labs/iteratr/internal/session/session.go:298.17,300.9 1 0
github.com/mark3labs/iteratr/internal/session/session.go:303.3,304.36 2 27
github.com/mark3labs/iteratr/internal/session/session.go:304.36,308.61 3 131
github.com/mark3labs/iteratr/internal/session/session.go:308.61,311.13 2 0
github.com/mark3labs/iteratr/internal/session/session.go:315.4,315.22 1 131
github.com/mark3labs/iteratr/internal/session/session.go:315.22,318.5 2 33
github.com/mark3labs/iteratr/internal/session/session.go:321.4,324.13 2 131
github.com/mark3labs/iteratr/internal/session/session.go:328.3,328.27 1 27
github.com/mark3labs/iteratr/internal/session/session.go:328.27,329.9 1 27
github.com/mark3labs/iteratr/internal/session/session.go:333.2,333.19 1 27
github.com/mark3labs/iteratr/internal/session/task.go:38.99,40.26 1 10
github.com/mark3labs/iteratr/internal/session/task.go:40.26,42.3 1 0
github.com/mark3labs/iteratr/internal/session/task.go:45.2,46.18 2 10
github.com/mark3labs/iteratr/internal/session/task.go:46.18,48.3 1 3
github.com/mark3labs/iteratr/internal/session/task.go:51.2,51.32 1 10
github.com/mark3labs/iteratr/internal/session/task.go:51.32,53.3 1 1
github.com/mark3labs/iteratr/internal/session/task.go:56.2,77.16 6 9
github.com/mark3labs/iteratr/internal/session/task.go:77.16,79.3 1 0
github.com/mark3labs/iteratr/internal/session/task.go:82.2,91.18 2 9
github.com/mark3labs/iteratr/internal/session/task.go:96.96,98.21 1 4
github.com/mark3labs/iteratr/internal/session/task.go:98.21,100.3 1 0
github.com/mark3labs/iteratr/internal/session/task.go:101.2,101.25 1 4
github.com/mark3labs/iteratr/internal/session/task.go:101.25,103.3 1 0
github.com/mark3labs/iteratr/internal/session/task.go:106.2,106.39 1 4
github.com/mark3labs/iteratr/internal/session/task.go:106.39,108.3 1 0
github.com/mark3labs/iteratr/internal/session/task.go:111.2,112.16 2 4
github.com/mark3labs/iteratr/internal/session/task.go:112.16,114.3 1 0
github.com/mark3labs/iteratr/internal/session/task.go:117.2,118.16 2 4
github.com/mark3labs/iteratr/internal/session/task.go:118.16,120.3 1 2
github.com/mark3labs/iteratr/internal/session/task.go:123.2,139.12 4 2
github.com/mark3labs/iteratr/internal/session/task.go:143.88,146.16 2 1
github.com/mark3labs/iteratr/internal/session/task.go:146.16,148.3 1 0
github.com/mark3labs/iteratr/internal/session/task.go:151.2,158.35 2 1
github.com/mark3labs/iteratr/internal/session/task.go:158.35,159.22 1 5
github.com/mark3labs/iteratr/internal/session/task.go:160.20,161.53 1 2
github.com/mark3labs/iteratr/internal/session/task.go:162.22,163.55 1 1
github.com/mark3labs/iteratr/internal/session/task.go:164.20,165.53 1 1
github.com/mark3labs/iteratr/internal/session/task.go:166.18,167.49 1 1
github.com/mark3labs/iteratr/internal/session/task.go:171.2,171.20 1 1
github.com/mark3labs/iteratr/internal/session/task.go:175.44,176.16 1 14
github.com/mark3labs/iteratr/internal/session/task.go:177.58,178.14 1 13
github.com/mark3labs/iteratr/internal/session/task.go:179.10,180.15 1 1
github.com/mark3labs/iteratr/internal/session/task.go:187.69,189.50 1 4
github.com/mark3labs/iteratr/internal/session/task.go:189.50,191.3 1 1
github.com/mark3labs/iteratr/internal/session/task.go:194.2,194.25 1 3
github.com/mark3labs/iteratr/internal/session/task.go:194.25,196.3 1 1
github.com/mark3labs/iteratr/internal/session/task.go:199.2,200.34 2 2
github.com/mark3labs/iteratr/internal/session/task.go:200.34,201.44 1 7
github.com/mark3labs/iteratr/internal/session/task.go:201.44,203.4 1 1
github.com/mark3labs/iteratr/internal/session/task.go:207.2,207.22 1 2
github.com/mark3labs/iteratr/internal/session/task.go:208.9,209.58 1 1
github.com/mark3labs/iteratr/internal/session/task.go:210.9,211.25 1 1
github.com/mark3labs/iteratr/internal/session/task.go:212.10,213.101 1 0
github.com/mark3labs/iteratr/cmd/iteratr/main.go:8.13,11.2 2 0
github.com/mark3labs/iteratr/internal/acp/client.go:31.81,37.2 1 0
github.com/mark3labs/iteratr/internal/acp/client.go:40.56,42.2 1 0
github.com/mark3labs/iteratr/internal/acp/client.go:45.66,47.2 1 0
github.com/mark3labs/iteratr/internal/acp/client.go:50.46,52.2 1 0
github.com/mark3labs/iteratr/internal/acp/client.go:55.121,57.16 2 0
github.com/mark3labs/iteratr/internal/acp/client.go:57.16,59.3 1 0
github.com/mark3labs/iteratr/internal/acp/client.go:60.2,60.64 1 0
github.com/mark3labs/iteratr/internal/acp/client.go:64.124,66.16 2 0
github.com/mark3labs/iteratr/internal/acp/client.go:66.16,68.3 1 0
github.com/mark3labs/iteratr/internal/acp/client.go:69.2,69.41 1 0
github.com/mark3labs/iteratr/internal/acp/client.go:73.94,76.9 2 0
github.com/mark3labs/iteratr/internal/acp/client.go:77.34,79.67 1 0
github.com/mark3labs/iteratr/internal/acp/client.go:79.67,81.4 1 0
github.com/mark3labs/iteratr/internal/acp/client.go:83.25,85.43 1 0
github.com/mark3labs/iteratr/internal/acp/client.go:87.31,89.26 1 0
github.com/mark3labs/iteratr/internal/acp/client.go:89.26,91.4 1 0
github.com/mark3labs/iteratr/internal/acp/client.go:94.2,94.12 1 0
github.com/mark3labs/iteratr/internal/acp/client.go:98.136,101.30 1 0
github.com/mark3labs/iteratr/internal/acp/client.go:101.30,109.3 1 0
github.com/mark3labs/iteratr/internal/acp/client.go:111.2,118.8 1 0
github.com/mark3labs/iteratr/internal/acp/client.go:122.127,125.2 1 0
github.com/mark3labs/iteratr/internal/acp/client.go:128.142,130.2 1 0
github.com/mark3labs/iteratr/internal/acp/client.go:133.127,135.2 1 0
github.com/mark3labs/iteratr/internal/acp/client.go:138.130,140.2 1 0
github.com/mark3labs/iteratr/internal/acp/client.go:143.142,145.2 1 0
github.com/mark3labs/iteratr/internal/acp/client.go:150.94,155.9 3 0
github.com/mark3labs/iteratr/internal/acp/client.go:155.9,157.3 1 0
github.com/mark3labs/iteratr/internal/acp/client.go:159.2,163.18 3 0
github.com/mark3labs/iteratr/internal/acp/client.go:164.18,165.44 1 0
github.com/mark3labs/iteratr/internal/acp/client.go:166.21,167.47 1 0
github.com/mark3labs/iteratr/internal/acp/client.go:168.19,169.38 1 0
github.com/mark3labs/iteratr/internal/acp/client.go:170.18,171.44 1 0
github.com/mark3labs/iteratr/internal/acp/client.go:172.19,173.45 1 0
github.com/mark3labs/iteratr/internal/acp/client.go:174.20,175.39 1 0
github.com/mark3labs/iteratr/internal/acp/client.go:176.25,177.50 1 0
github.com/mark3labs/iteratr/internal/acp/client.go:178.26,180.27 2 0
github.com/mark3labs/iteratr/internal/acp/client.go:181.10,183.13 1 0
github.com/mark3labs/iteratr/internal/acp/client.go:187.2,187.16 1 0
github.com/mark3labs/iteratr/internal/acp/client.go:187.16,188.26 1 0
github.com/mark3labs/iteratr/internal/acp/client.go:188.26,190.4 1 0
github.com/mark3labs/iteratr/internal/acp/client.go:191.3,191.13 1 0
github.com/mark3labs/iteratr/internal/acp/client.go:195.2,195.25 1 0
github.com/mark3labs/iteratr/internal/acp/client.go:195.25,197.3 1 0
github.com/mark3labs/iteratr/internal/acp/client.go:199.2,199.12 1 0
github.com/mark3labs/iteratr/internal/acp/client.go:203.49,204.16 1 0
github.com/mark3labs/iteratr/internal/acp/client.go:204.16,206.3 1 0
github.com/mark3labs/iteratr/internal/acp/client.go:207.2,207.19 1 0
github.com/mark3labs/iteratr/internal/acp/client.go:207.19,209.3 1 0
github.com/mark3labs/iteratr/internal/acp/client.go:210.2,211.18 2 0
github.com/mark3labs/iteratr/internal/acp/client.go:215.76,221.16 4 0
github.com/mark3labs/iteratr/internal/acp/client.go:221.16,223.3 1 0
github.com/mark3labs/iteratr/internal/acp/client.go:225.2,226.16 2 0
github.com/mark3labs/iteratr/internal/acp/client.go:226.16,228.3 1 0
github.com/mark3labs/iteratr/internal/acp/client.go:230.2,230.36 1 0
github.com/mark3labs/iteratr/internal/acp/client.go:230.36,232.3 1 0
github.com/mark3labs/iteratr/internal/acp/client.go:235.2,247.16 3 0
github.com/mark3labs/iteratr/internal/acp/client.go:247.16,249.3 1 0
github.com/mark3labs/iteratr/internal/acp/client.go:252.2,255.16 2 0
github.com/mark3labs/iteratr/internal/acp/client.go:255.16,257.3 1 0
github.com/mark3labs/iteratr/internal/acp/client.go:259.2,266.16 3 0
github.com/mark3labs/iteratr/internal/acp/client.go:266.16,268.3 1 0
github.com/mark3labs/iteratr/internal/acp/client.go:271.2,271.35 1 0
github.com/mark3labs/iteratr/internal/acp/client.go:271.35,273.3 1 0
github.com/mark3labs/iteratr/internal/acp/client.go:275.2,275.12 1 0
github.com/mark3labs/iteratr/internal/acp/tools.go:15.101,21.19 4 0
github.com/mark3labs/iteratr/internal/acp/tools.go:21.19,23.3 1 0
github.com/mark3labs/iteratr/internal/acp/tools.go:25.2,31.52 2 0
github.com/mark3labs/iteratr/internal/acp/tools.go:35.94,41.14 4 0
github.com/mark3labs/iteratr/internal/acp/tools.go:41.14,43.3 1 0
github.com/mark3labs/iteratr/internal/acp/tools.go:44.2,44.18 1 0
github.com/mark3labs/iteratr/internal/acp/tools.go:44.18,46.3 1 0
github.com/mark3labs/iteratr/internal/acp/tools.go:48.2,55.16 3 0
github.com/mark3labs/iteratr/internal/acp/tools.go:55.16,57.3 1 0
github.com/mark3labs/iteratr/internal/acp/tools.go:59.2,59.52 1 0
github.com/mark3labs/iteratr/internal/acp/tools.go:63.90,65.2 1 0
github.com/mark3labs/iteratr/internal/acp/tools.go:68.101,74.19 4 0
github.com/mark3labs/iteratr/internal/acp/tools.go:74.19,76.3 1 0
github.com/mark3labs/iteratr/internal/acp/tools.go:77.2,77.20 1 0
github.com/mark3labs/iteratr/internal/acp/tools.go:77.20,79.3 1 0
github.com/mark3labs/iteratr/internal/acp/tools.go:81.2,87.52 2 0
github.com/mark3labs/iteratr/internal/acp/tools.go:91.104,100.2 3 0
github.com/mark3labs/iteratr/internal/acp/tools.go:103.86,105.2 1 0
github.com/mark3labs/iteratr/internal/acp/tools.go:108.97,112.14 2 0
github.com/mark3labs/iteratr/internal/acp/tools.go:112.14,114.3 1 0
github.com/mark3labs/iteratr/internal/acp/tools.go:116.2,121.16 3 0
github.com/mark3labs/iteratr/internal/acp/tools.go:121.16,123.3 1 0
github.com/mark3labs/iteratr/internal/acp/tools.go:125.2,125.56 1 0
github.com/mark3labs/iteratr/internal/acp/tools.go:129.77,131.16 2 0
github.com/mark3labs/iteratr/internal/acp/tools.go:131.16,133.3 1 0
github.com/mark3labs/iteratr/internal/acp/tools.go:135.2,135.61 1 0
github.com/mark3labs/iteratr/internal/acp/tools.go:140.67,144.12 2 0
github.com/mark3labs/iteratr/internal/acp/tools.go:144.12,145.46 1 0
github.com/mark3labs/iteratr/internal/acp/tools.go:145.46,147.4 1 0
github.com/mark3labs/iteratr/internal/acp/tools.go:151.2,152.52 2 0
github.com/mark3labs/iteratr/internal/acp/tools.go:152.52,154.3 1 0
github.com/mark3labs/iteratr/internal/acp/tools.go:157.2,158.16 2 0
github.com/mark3labs/iteratr/internal/acp/tools.go:158.16,160.3 1 0
github.com/mark3labs/iteratr/internal/acp/tools.go:164.2,433.71 2 0
github.com/mark3labs/iteratr/internal/acp/tools.go:433.71,435.3 1 0
github.com/mark3labs/iteratr/internal/acp/tools.go:437.2,437.12 1 0
github.com/mark3labs/iteratr/internal/nats/server.go:15.64,23.16 3 0
github.com/mark3labs/iteratr/internal/nats/server.go:23.16,25.3 1 0
github.com/mark3labs/iteratr/internal/nats/server.go:28.2,31.46 2 0
github.com/mark3labs/iteratr/internal/nats/server.go:31.46,33.3 1 0
github.com/mark3labs/iteratr/internal/nats/server.go:35.2,35.16 1 0
github.com/mark3labs/iteratr/internal/nats/server.go:40.62,42.2 1 0
github.com/mark3labs/iteratr/internal/nats/server.go:47.66,49.2 1 0
github.com/mark3labs/iteratr/internal/nats/server.go:54.55,56.15 1 0
github.com/mark3labs/iteratr/internal/nats/server.go:56.15,59.36 1 0
github.com/mark3labs/iteratr/internal/nats/server.go:59.36,62.4 1 0
github.com/mark3labs/iteratr/internal/nats/server.go:66.2,66.15 1 0
github.com/mark3labs/iteratr/internal/nats/server.go:66.15,70.3 2 0
github.com/mark3labs/iteratr/internal/nats/server.go:72.2,72.12 1 0
github.com/mark3labs/iteratr/internal/nats/store.go:25.47,27.2 1 0
github.com/mark3labs/iteratr/internal/nats/store.go:31.56,33.2 1 0
github.com/mark3labs/iteratr/internal/nats/store.go:38.89,45.2 1 0
github.com/mark3labs/iteratr/internal/nats/store.go:49.108,55.2 1 0
github.com/mark3labs/iteratr/internal/tui/agent.go:15.36,17.2 1 0
github.com/mark3labs/iteratr/internal/tui/agent.go:20.38,23.2 1 0
github.com/mark3labs/iteratr/internal/tui/agent.go:26.51,29.2 1 0
github.com/mark3labs/iteratr/internal/tui/agent.go:32.39,35.2 1 0
github.com/mark3labs/iteratr/internal/tui/agent.go:38.61,42.2 3 0
github.com/mark3labs/iteratr/internal/tui/agent.go:45.54,48.2 2 0
github.com/mark3labs/iteratr/internal/tui/app.go:50.96,65.2 1 0
github.com/mark3labs/iteratr/internal/tui/app.go:69.30,76.2 1 0
github.com/mark3labs/iteratr/internal/tui/app.go:79.56,80.27 1 0
github.com/mark3labs/iteratr/internal/tui/app.go:81.23,82.31 1 0
github.com/mark3labs/iteratr/internal/tui/app.go:84.25,95.4 3 0
github.com/mark3labs/iteratr/internal/tui/app.go:97.22,98.40 1 0
github.com/mark3labs/iteratr/internal/tui/app.go:100.25,101.49 1 0
github.com/mark3labs/iteratr/internal/tui/app.go:103.22,111.4 1 0
github.com/mark3labs/iteratr/internal/tui/app.go:113.16,118.4 1 0
github.com/mark3labs/iteratr/internal/tui/app.go:122.2,123.22 2 0
github.com/mark3labs/iteratr/internal/tui/app.go:124.21,125.32 1 0
github.com/mark3labs/iteratr/internal/tui/app.go:126.17,127.28 1 0
github.com/mark3labs/iteratr/internal/tui/app.go:128.16,129.27 1 0
github.com/mark3labs/iteratr/internal/tui/app.go:130.17,131.28 1 0
github.com/mark3labs/iteratr/internal/tui/app.go:132.17,133.28 1 0
github.com/mark3labs/iteratr/internal/tui/app.go:136.2,136.15 1 0
github.com/mark3labs/iteratr/internal/tui/app.go:140.72,144.11 2 0
github.com/mark3labs/iteratr/internal/tui/app.go:145.11,147.16 2 0
github.com/mark3labs/iteratr/internal/tui/app.go:148.11,150.16 2 0
github.com/mark3labs/iteratr/internal/tui/app.go:151.11,153.16 2 0
github.com/mark3labs/iteratr/internal/tui/app.go:154.11,156.16 2 0
github.com/mark3labs/iteratr/internal/tui/app.go:157.11,159.16 2 0
github.com/mark3labs/iteratr/internal/tui/app.go:160.21,162.21 2 0
github.com/mark3labs/iteratr/internal/tui/app.go:165.2,165.15 1 0
github.com/mark3labs/iteratr/internal/tui/app.go:170.31,171.16 1 0
github.com/mark3labs/iteratr/internal/tui/app.go:171.16,174.3 2 0
github.com/mark3labs/iteratr/internal/tui/app.go:177.2,189.10 9 0
github.com/mark3labs/iteratr/internal/tui/app.go:193.37,201.53 5 0
github.com/mark3labs/iteratr/internal/tui/app.go:201.53,204.3 1 0
github.com/mark3labs/iteratr/internal/tui/app.go:207.2,219.17 7 0
github.com/mark3labs/iteratr/internal/tui/app.go:219.17,221.3 1 0
github.com/mark3labs/iteratr/internal/tui/app.go:224.2,227.50 2 0
github.com/mark3labs/iteratr/internal/tui/app.go:231.41,232.22 1 0
github.com/mark3labs/iteratr/internal/tui/app.go:233.21,234.30 1 0
github.com/mark3labs/iteratr/internal/tui/app.go:235.17,236.26 1 0
github.com/mark3labs/iteratr/internal/tui/app.go:237.16,238.25 1 0
github.com/mark3labs/iteratr/internal/tui/app.go:239.17,240.26 1 0
github.com/mark3labs/iteratr/internal/tui/app.go:241.17,242.26 1 0
github.com/mark3labs/iteratr/internal/tui/app.go:243.10,244.24 1 0
github.com/mark3labs/iteratr/internal/tui/app.go:249.39,263.26 3 0
github.com/mark3labs/iteratr/internal/tui/app.go:263.26,264.29 1 0
github.com/mark3labs/iteratr/internal/tui/app.go:264.29,267.4 1 0
github.com/mark3labs/iteratr/internal/tui/app.go:267.9,270.4 1 0
github.com/mark3labs/iteratr/internal/tui/app.go:273.2,273.32 1 0
github.com/mark3labs/iteratr/internal/tui/app.go:277.37,294.26 3 0
github.com/mark3labs/iteratr/internal/tui/app.go:294.26,297.29 3 0
github.com/mark3labs/iteratr/internal/tui/app.go:297.29,300.4 1 0
github.com/mark3labs/iteratr/internal/tui/app.go:301.3,301.39 1 0
github.com/mark3labs/iteratr/internal/tui/app.go:305.2,312.17 6 0
github.com/mark3labs/iteratr/internal/tui/app.go:312.17,314.3 1 0
github.com/mark3labs/iteratr/internal/tui/app.go:316.2,319.50 2 0
github.com/mark3labs/iteratr/internal/tui/app.go:324.39,325.24 1 0
github.com/mark3labs/iteratr/internal/tui/app.go:325.24,328.10 2 0
github.com/mark3labs/iteratr/internal/tui/app.go:328.10,331.4 1 0
github.com/mark3labs/iteratr/internal/tui/app.go:332.3,332.32 1 0
github.com/mark3labs/iteratr/internal/tui/app.go:338.43,339.24 1 0
github.com/mark3labs/iteratr/internal/tui/app.go:339.24,344.59 2 0
github.com/mark3labs/iteratr/internal/tui/app.go:344.59,347.59 2 0
github.com/mark3labs/iteratr/internal/tui/app.go:347.59,350.5 1 0
github.com/mark3labs/iteratr/internal/tui/app.go:353.4,353.11 1 0
github.com/mark3labs/iteratr/internal/tui/app.go:354.30,354.30 0 0
github.com/mark3labs/iteratr/internal/tui/app.go:355.12,355.12 0 0
github.com/mark3labs/iteratr/internal/tui/app.go:360.3,360.17 1 0
github.com/mark3labs/iteratr/internal/tui/app.go:360.17,363.4 1 0
github.com/mark3labs/iteratr/internal/tui/app.go:366.3,370.13 4 0
github.com/mark3labs/iteratr/internal/tui/app.go:375.42,376.24 1 0
github.com/mark3labs/iteratr/internal/tui/app.go:376.24,378.17 2 0
github.com/mark3labs/iteratr/internal/tui/app.go:378.17,381.4 1 0
github.com/mark3labs/iteratr/internal/tui/app.go:382.3,382.38 1 0
github.com/mark3labs/iteratr/internal/tui/dashboard.go:21.32,23.2 1 0
github.com/mark3labs/iteratr/internal/tui/dashboard.go:26.49,29.2 1 0
github.com/mark3labs/iteratr/internal/tui/dashboard.go:32.37,41.20 4 0
github.com/mark3labs/iteratr/internal/tui/dashboard.go:41.20,47.22 4 0
github.com/mark3labs/iteratr/internal/tui/dashboard.go:47.22,49.4 1 0
github.com/mark3labs/iteratr/internal/tui/dashboard.go:53.2,53.20 1 0
github.com/mark3labs/iteratr/internal/tui/dashboard.go:53.20,55.24 2 0
github.com/mark3labs/iteratr/internal/tui/dashboard.go:55.24,57.4 1 0
github.com/mark3labs/iteratr/internal/tui/dashboard.go:61.2,61.58 1 0
github.com/mark3labs/iteratr/internal/tui/dashboard.go:65.48,79.2 8 0
github.com/mark3labs/iteratr/internal/tui/dashboard.go:82.59,86.2 3 0
github.com/mark3labs/iteratr/internal/tui/dashboard.go:89.49,92.2 2 0
github.com/mark3labs/iteratr/internal/tui/dashboard.go:95.63,98.18 2 0
github.com/mark3labs/iteratr/internal/tui/dashboard.go:98.18,100.3 1 0
github.com/mark3labs/iteratr/internal/tui/dashboard.go:101.2,101.12 1 0
github.com/mark3labs/iteratr/internal/tui/dashboard.go:105.54,112.21 4 0
github.com/mark3labs/iteratr/internal/tui/dashboard.go:112.21,114.3 1 0
github.com/mark3labs/iteratr/internal/tui/dashboard.go:117.2,119.38 3 0
github.com/mark3labs/iteratr/internal/tui/dashboard.go:119.38,121.3 1 0
github.com/mark3labs/iteratr/internal/tui/dashboard.go:122.2,122.45 1 0
github.com/mark3labs/iteratr/internal/tui/dashboard.go:122.45,124.3 1 0
github.com/mark3labs/iteratr/internal/tui/dashboard.go:127.2,132.83 4 0
github.com/mark3labs/iteratr/internal/tui/dashboard.go:136.46,142.25 3 0
github.com/mark3labs/iteratr/internal/tui/dashboard.go:142.25,144.3 1 0
github.com/mark3labs/iteratr/internal/tui/dashboard.go:145.2,145.26 1 0
github.com/mark3labs/iteratr/internal/tui/dashboard.go:145.26,147.3 1 0
github.com/mark3labs/iteratr/internal/tui/dashboard.go:148.2,148.25 1 0
github.com/mark3labs/iteratr/internal/tui/dashboard.go:148.25,150.3 1 0
github.com/mark3labs/iteratr/internal/tui/dashboard.go:151.2,151.23 1 0
github.com/mark3labs/iteratr/internal/tui/dashboard.go:151.23,153.3 1 0
github.com/mark3labs/iteratr/internal/tui/dashboard.go:155.2,155.21 1 0
github.com/mark3labs/iteratr/internal/tui/dashboard.go:155.21,157.3 1 0
github.com/mark3labs/iteratr/internal/tui/dashboard.go:159.2,160.86 2 0
github.com/mark3labs/iteratr/internal/tui/dashboard.go:173.46,175.37 2 0
github.com/mark3labs/iteratr/internal/tui/dashboard.go:175.37,177.22 2 0
github.com/mark3labs/iteratr/internal/tui/dashboard.go:178.20,179.21 1 0
github.com/mark3labs/iteratr/internal/tui/dashboard.go:180.22,181.22 1 0
github.com/mark3labs/iteratr/internal/tui/dashboard.go:182.20,183.21 1 0
github.com/mark3labs/iteratr/internal/tui/dashboard.go:184.18,185.19 1 0
github.com/mark3labs/iteratr/internal/tui/dashboard.go:188.2,188.14 1 0
github.com/mark3labs/iteratr/internal/tui/dashboard.go:192.48,195.37 2 0
github.com/mark3labs/iteratr/internal/tui/dashboard.go:195.37,196.35 1 0
github.com/mark3labs/iteratr/internal/tui/dashboard.go:196.35,198.9 2 0
github.com/mark3labs/iteratr/internal/tui/dashboard.go:203.2,203.24 1 0
github.com/mark3labs/iteratr/internal/tui/dashboard.go:203.24,205.3 1 0
github.com/mark3labs/iteratr/internal/tui/dashboard.go:208.2,209.27 2 0
github.com/mark3labs/iteratr/internal/tui/dashboard.go:209.27,211.3 1 0
github.com/mark3labs/iteratr/internal/tui/dashboard.go:214.2,218.46 4 0
github.com/mark3labs/iteratr/internal/tui/inbox.go:16.34,18.2 1 0
github.com/mark3labs/iteratr/internal/tui/inbox.go:21.50,24.2 1 0
github.com/mark3labs/iteratr/internal/tui/inbox.go:27.38,30.2 1 0
github.com/mark3labs/iteratr/internal/tui/inbox.go:33.60,37.2 3 0
github.com/mark3labs/iteratr/internal/tui/inbox.go:40.64,43.2 2 0
github.com/mark3labs/iteratr/internal/tui/logs.go:22.32,24.2 1 0
github.com/mark3labs/iteratr/internal/tui/logs.go:27.49,28.27 1 0
github.com/mark3labs/iteratr/internal/tui/logs.go:29.23,31.14 2 0
github.com/mark3labs/iteratr/internal/tui/logs.go:32.20,34.18 1 0
github.com/mark3labs/iteratr/internal/tui/logs.go:35.18,37.16 1 0
github.com/mark3labs/iteratr/internal/tui/logs.go:38.12,40.16 1 0
github.com/mark3labs/iteratr/internal/tui/logs.go:41.12,43.22 1 0
github.com/mark3labs/iteratr/internal/tui/logs.go:44.22,47.19 2 0
github.com/mark3labs/iteratr/internal/tui/logs.go:48.22,51.20 2 0
github.com/mark3labs/iteratr/internal/tui/logs.go:51.20,53.5 1 0
github.com/mark3labs/iteratr/internal/tui/logs.go:56.2,56.12 1 0
github.com/mark3labs/iteratr/internal/tui/logs.go:60.34,63.2 2 0
github.com/mark3labs/iteratr/internal/tui/logs.go:66.32,68.18 2 0
github.com/mark3labs/iteratr/internal/tui/logs.go:68.18,70.3 1 0
github.com/mark3labs/iteratr/internal/tui/logs.go:74.38,77.2 2 0
github.com/mark3labs/iteratr/internal/tui/logs.go:80.35,83.26 3 0
github.com/mark3labs/iteratr/internal/tui/logs.go:83.26,85.3 1 0
github.com/mark3labs/iteratr/internal/tui/logs.go:89.37,90.24 1 0
github.com/mark3labs/iteratr/internal/tui/logs.go:90.24,92.3 1 0
github.com/mark3labs/iteratr/internal/tui/logs.go:94.2,102.31 5 0
github.com/mark3labs/iteratr/internal/tui/logs.go:102.31,105.3 2 0
github.com/mark3labs/iteratr/internal/tui/logs.go:108.2,109.32 2 0
github.com/mark3labs/iteratr/internal/tui/logs.go:109.32,112.3 2 0
github.com/mark3labs/iteratr/internal/tui/logs.go:114.2,114.34 1 0
github.com/mark3labs/iteratr/internal/tui/logs.go:118.61,127.20 5 0
github.com/mark3labs/iteratr/internal/tui/logs.go:128.14,130.21 2 0
github.com/mark3labs/iteratr/internal/tui/logs.go:131.14,133.21 2 0
github.com/mark3labs/iteratr/internal/tui/logs.go:134.15,136.22 2 0
github.com/mark3labs/iteratr/internal/tui/logs.go:137.19,139.21 2 0
github.com/mark3labs/iteratr/internal/tui/logs.go:140.17,142.21 2 0
github.com/mark3labs/iteratr/internal/tui/logs.go:143.10,145.22 2 0
github.com/mark3labs/iteratr/internal/tui/logs.go:148.2,156.36 5 0
github.com/mark3labs/iteratr/internal/tui/logs.go:156.36,158.3 1 0
github.com/mark3labs/iteratr/internal/tui/logs.go:159.2,161.84 2 0
github.com/mark3labs/iteratr/internal/tui/logs.go:165.59,170.2 4 0
github.com/mark3labs/iteratr/internal/tui/logs.go:173.63,176.2 2 0
github.com/mark3labs/iteratr/internal/tui/logs.go:180.59,185.2 3 0
github.com/mark3labs/iteratr/internal/tui/logs.go:188.24,189.11 1 0
github.com/mark3labs/iteratr/internal/tui/logs.go:189.11,191.3 1 0
github.com/mark3labs/iteratr/internal/tui/logs.go:192.2,192.10 1 0
github.com/mark3labs/iteratr/internal/tui/logs.go:195.24,196.11 1 0
github.com/mark3labs/iteratr/internal/tui/logs.go:196.11,198.3 1 0
github.com/mark3labs/iteratr/internal/tui/logs.go:199.2,199.10 1 0
github.com/mark3labs/iteratr/internal/tui/notes.go:21.34,23.2 1 0
github.com/mark3labs/iteratr/internal/tui/notes.go:26.50,27.27 1 0
github.com/mark3labs/iteratr/internal/tui/notes.go:28.23,30.14 2 0
github.com/mark3labs/iteratr/internal/tui/notes.go:31.20,33.19 2 0
github.com/mark3labs/iteratr/internal/tui/notes.go:34.18,36.20 2 0
github.com/mark3labs/iteratr/internal/tui/notes.go:36.20,38.5 1 0
github.com/mark3labs/iteratr/internal/tui/notes.go:39.12,40.16 1 0
github.com/mark3labs/iteratr/internal/tui/notes.go:41.12,42.22 1 0
github.com/mark3labs/iteratr/internal/tui/notes.go:45.2,45.12 1 0
github.com/mark3labs/iteratr/internal/tui/notes.go:49.38,50.47 1 0
github.com/mark3labs/iteratr/internal/tui/notes.go:50.47,52.3 1 0
github.com/mark3labs/iteratr/internal/tui/notes.go:55.2,56.37 2 0
github.com/mark3labs/iteratr/internal/tui/notes.go:56.37,58.3 1 0
github.com/mark3labs/iteratr/internal/tui/notes.go:60.2,64.33 3 0
github.com/mark3labs/iteratr/internal/tui/notes.go:64.33,66.22 2 0
github.com/mark3labs/iteratr/internal/tui/notes.go:66.22,67.12 1 0
github.com/mark3labs/iteratr/internal/tui/notes.go:71.3,75.30 3 0
github.com/mark3labs/iteratr/internal/tui/notes.go:75.30,78.4 2 0
github.com/mark3labs/iteratr/internal/tui/notes.go:81.3,81.34 1 0
github.com/mark3labs/iteratr/internal/tui/notes.go:85.2,89.29 3 0
github.com/mark3labs/iteratr/internal/tui/notes.go:89.29,97.3 5 0
github.com/mark3labs/iteratr/internal/tui/notes.go:99.2,99.34 1 0
github.com/mark3labs/iteratr/internal/tui/notes.go:103.74,107.18 3 0
github.com/mark3labs/iteratr/internal/tui/notes.go:108.18,110.21 2 0
github.com/mark3labs/iteratr/internal/tui/notes.go:111.15,113.18 2 0
github.com/mark3labs/iteratr/internal/tui/notes.go:114.13,116.16 2 0
github.com/mark3labs/iteratr/internal/tui/notes.go:117.18,119.21 2 0
github.com/mark3labs/iteratr/internal/tui/notes.go:120.10,122.36 2 0
github.com/mark3labs/iteratr/internal/tui/notes.go:125.2,126.33 2 0
github.com/mark3labs/iteratr/internal/tui/notes.go:130.60,138.29 5 0
github.com/mark3labs/iteratr/internal/tui/notes.go:138.29,144.30 4 0
github.com/mark3labs/iteratr/internal/tui/notes.go:144.30,145.48 1 0
github.com/mark3labs/iteratr/internal/tui/notes.go:145.48,146.26 1 0
github.com/mark3labs/iteratr/internal/tui/notes.go:146.26,148.6 1 0
github.com/mark3labs/iteratr/internal/tui/notes.go:148.11,150.6 1 0
github.com/mark3labs/iteratr/internal/tui/notes.go:151.10,152.26 1 0
github.com/mark3labs/iteratr/internal/tui/notes.go:152.26,154.6 1 0
github.com/mark3labs/iteratr/internal/tui/notes.go:155.5,155.23 1 0
github.com/mark3labs/iteratr/internal/tui/notes.go:158.3,158.24 1 0
github.com/mark3labs/iteratr/internal/tui/notes.go:158.24,160.4 1 0
github.com/mark3labs/iteratr/internal/tui/notes.go:163.3,167.35 3 0
github.com/mark3labs/iteratr/internal/tui/notes.go:167.35,170.4 2 0
github.com/mark3labs/iteratr/internal/tui/notes.go:172.3,172.36 1 0
github.com/mark3labs/iteratr/internal/tui/notes.go:176.2,177.41 2 0
github.com/mark3labs/iteratr/internal/tui/notes.go:181.39,182.20 1 0
github.com/mark3labs/iteratr/internal/tui/notes.go:182.20,184.3 1 0
github.com/mark3labs/iteratr/internal/tui/notes.go:187.2,188.37 2 0
github.com/mark3labs/iteratr/internal/tui/notes.go:188.37,190.3 1 0
github.com/mark3labs/iteratr/internal/tui/notes.go:192.2,194.33 3 0
github.com/mark3labs/iteratr/internal/tui/notes.go:194.33,196.21 2 0
github.com/mark3labs/iteratr/internal/tui/notes.go:196.21,200.4 3 0
github.com/mark3labs/iteratr/internal/tui/notes.go:203.2,203.42 1 0
github.com/mark3labs/iteratr/internal/tui/notes.go:207.36,208.20 1 0
github.com/mark3labs/iteratr/internal/tui/notes.go:208.20,211.3 2 0
github.com/mark3labs/iteratr/internal/tui/notes.go:214.2,215.37 2 0
github.com/mark3labs/iteratr/internal/tui/notes.go:215.37,217.3 1 0
github.com/mark3labs/iteratr/internal/tui/notes.go:219.2,221.33 3 0
github.com/mark3labs/iteratr/internal/tui/notes.go:221.33,223.21 2 0
github.com/mark3labs/iteratr/internal/tui/notes.go:223.21,227.4 3 0
github.com/mark3labs/iteratr/internal/tui/notes.go:230.2,231.26 2 0
github.com/mark3labs/iteratr/internal/tui/notes.go:231.26,233.3 1 0
github.com/mark3labs/iteratr/internal/tui/notes.go:237.60,242.2 4 0
github.com/mark3labs/iteratr/internal/tui/notes.go:245.64,249.2 3 0
github.com/mark3labs/iteratr/internal/tui/tasks.go:23.30,29.2 1 0
github.com/mark3labs/iteratr/internal/tui/tasks.go:32.48,33.27 1 0
github.com/mark3labs/iteratr/internal/tui/tasks.go:34.23,35.31 1 0
github.com/mark3labs/iteratr/internal/tui/tasks.go:37.2,37.12 1 0
github.com/mark3labs/iteratr/internal/tui/tasks.go:41.64,45.22 3 0
github.com/mark3labs/iteratr/internal/tui/tasks.go:46.19,48.26 1 0
github.com/mark3labs/iteratr/internal/tui/tasks.go:48.26,51.4 2 0
github.com/mark3labs/iteratr/internal/tui/tasks.go:52.17,54.19 1 0
github.com/mark3labs/iteratr/internal/tui/tasks.go:54.19,57.4 2 0
github.com/mark3labs/iteratr/internal/tui/tasks.go:58.11,61.21 2 0
github.com/mark3labs/iteratr/internal/tui/tasks.go:62.11,65.19 2 0
github.com/mark3labs/iteratr/internal/tui/tasks.go:66.11,71.21 3 0
github.com/mark3labs/iteratr/internal/tui/tasks.go:74.2,74.12 1 0
github.com/mark3labs/iteratr/internal/tui/tasks.go:78.34,80.28 2 0
github.com/mark3labs/iteratr/internal/tui/tasks.go:80.28,81.26 1 0
github.com/mark3labs/iteratr/internal/tui/tasks.go:81.26,84.4 2 0
github.com/mark3labs/iteratr/internal/tui/tasks.go:89.35,93.45 2 0
github.com/mark3labs/iteratr/internal/tui/tasks.go:93.45,95.3 1 0
github.com/mark3labs/iteratr/internal/tui/tasks.go:95.8,95.38 1 0
github.com/mark3labs/iteratr/internal/tui/tasks.go:95.38,97.3 1 0
github.com/mark3labs/iteratr/internal/tui/tasks.go:101.55,102.20 1 0
github.com/mark3labs/iteratr/internal/tui/tasks.go:102.20,104.3 1 0
github.com/mark3labs/iteratr/internal/tui/tasks.go:106.2,107.37 2 0
github.com/mark3labs/iteratr/internal/tui/tasks.go:107.37,108.63 1 0
github.com/mark3labs/iteratr/internal/tui/tasks.go:108.63,110.4 1 0
github.com/mark3labs/iteratr/internal/tui/tasks.go:112.2,112.17 1 0
github.com/mark3labs/iteratr/internal/tui/tasks.go:116.36,117.20 1 0
github.com/mark3labs/iteratr/internal/tui/tasks.go:117.20,119.3 1 0
github.com/mark3labs/iteratr/internal/tui/tasks.go:122.2,128.29 4 0
github.com/mark3labs/iteratr/internal/tui/tasks.go:128.29,130.3 1 0
github.com/mark3labs/iteratr/internal/tui/tasks.go:133.2,137.29 3 0
github.com/mark3labs/iteratr/internal/tui/tasks.go:137.29,139.3 1 0
github.com/mark3labs/iteratr/internal/tui/tasks.go:139.8,142.3 1 0
github.com/mark3labs/iteratr/internal/tui/tasks.go:144.2,144.39 1 0
github.com/mark3labs/iteratr/internal/tui/tasks.go:148.44,149.24 1 0
github.com/mark3labs/iteratr/internal/tui/tasks.go:150.13,151.21 1 0
github.com/mark3labs/iteratr/internal/tui/tasks.go:152.19,153.21 1 0
github.com/mark3labs/iteratr/internal/tui/tasks.go:154.21,155.23 1 0
github.com/mark3labs/iteratr/internal/tui/tasks.go:156.19,157.21 1 0
github.com/mark3labs/iteratr/internal/tui/tasks.go:158.17,159.19 1 0
github.com/mark3labs/iteratr/internal/tui/tasks.go:160.10,161.21 1 0
github.com/mark3labs/iteratr/internal/tui/tasks.go:166.66,173.29 5 0
github.com/mark3labs/iteratr/internal/tui/tasks.go:173.29,174.22 1 0
github.com/mark3labs/iteratr/internal/tui/tasks.go:175.20,176.39 1 0
github.com/mark3labs/iteratr/internal/tui/tasks.go:177.22,178.41 1 0
github.com/mark3labs/iteratr/internal/tui/tasks.go:179.20,180.39 1 0
github.com/mark3labs/iteratr/internal/tui/tasks.go:181.18,182.35 1 0
github.com/mark3labs/iteratr/internal/tui/tasks.go:186.2,192.25 3 0
github.com/mark3labs/iteratr/internal/tui/tasks.go:192.25,194.3 1 0
github.com/mark3labs/iteratr/internal/tui/tasks.go:195.2,195.24 1 0
github.com/mark3labs/iteratr/internal/tui/tasks.go:195.24,197.3 1 0
github.com/mark3labs/iteratr/internal/tui/tasks.go:198.2,198.22 1 0
github.com/mark3labs/iteratr/internal/tui/tasks.go:198.22,200.3 1 0
github.com/mark3labs/iteratr/internal/tui/tasks.go:201.2,201.24 1 0
github.com/mark3labs/iteratr/internal/tui/tasks.go:201.24,203.3 1 0
github.com/mark3labs/iteratr/internal/tui/tasks.go:205.2,205.24 1 0
github.com/mark3labs/iteratr/internal/tui/tasks.go:205.24,207.3 1 0
github.com/mark3labs/iteratr/internal/tui/tasks.go:209.2,209.39 1 0
github.com/mark3labs/iteratr/internal/tui/tasks.go:213.65,217.29 3 0
github.com/mark3labs/iteratr/internal/tui/tasks.go:217.29,220.3 2 0
github.com/mark3labs/iteratr/internal/tui/tasks.go:222.2,222.38 1 0
github.com/mark3labs/iteratr/internal/tui/tasks.go:226.65,227.16 1 0
github.com/mark3labs/iteratr/internal/tui/tasks.go:228.19,229.30 1 0
github.com/mark3labs/iteratr/internal/tui/tasks.go:230.21,231.31 1 0
github.com/mark3labs/iteratr/internal/tui/tasks.go:232.19,233.30 1 0
github.com/mark3labs/iteratr/internal/tui/tasks.go:234.17,235.28 1 0
github.com/mark3labs/iteratr/internal/tui/tasks.go:236.10,237.30 1 0
github.com/mark3labs/iteratr/internal/tui/tasks.go:242.120,248.29 3 0
github.com/mark3labs/iteratr/internal/tui/tasks.go:248.29,252.3 3 0
github.com/mark3labs/iteratr/internal/tui/tasks.go:254.2,254.54 1 0
github.com/mark3labs/iteratr/internal/tui/tasks.go:258.103,261.23 2 0
github.com/mark3labs/iteratr/internal/tui/tasks.go:261.23,263.3 1 0
github.com/mark3labs/iteratr/internal/tui/tasks.go:266.2,274.16 5 0
github.com/mark3labs/iteratr/internal/tui/tasks.go:274.16,277.3 1 0
github.com/mark3labs/iteratr/internal/tui/tasks.go:279.2,279.13 1 0
github.com/mark3labs/iteratr/internal/tui/tasks.go:283.58,287.2 3 0
github.com/mark3labs/iteratr/internal/tui/tasks.go:290.62,293.2 2 0
