mode: atomic
github.com/mark3labs/iteratr/internal/template/template.go:34.53,47.47 3 6
github.com/mark3labs/iteratr/internal/template/template.go:47.47,49.3 1 42
github.com/mark3labs/iteratr/internal/template/template.go:51.2,51.15 1 6
github.com/mark3labs/iteratr/internal/template/template.go:56.48,58.16 2 5
github.com/mark3labs/iteratr/internal/template/template.go:58.16,60.3 1 2
github.com/mark3labs/iteratr/internal/template/template.go:61.2,61.26 1 3
github.com/mark3labs/iteratr/internal/template/template.go:67.53,68.22 1 3
github.com/mark3labs/iteratr/internal/template/template.go:68.22,70.3 1 1
github.com/mark3labs/iteratr/internal/template/template.go:71.2,71.33 1 2
github.com/mark3labs/iteratr/internal/template/template.go:86.72,89.16 2 0
github.com/mark3labs/iteratr/internal/template/template.go:89.16,91.3 1 0
github.com/mark3labs/iteratr/internal/template/template.go:94.2,95.24 2 0
github.com/mark3labs/iteratr/internal/template/template.go:95.24,97.17 2 0
github.com/mark3labs/iteratr/internal/template/template.go:97.17,99.4 1 0
github.com/mark3labs/iteratr/internal/template/template.go:100.3,100.29 1 0
github.com/mark3labs/iteratr/internal/template/template.go:104.2,105.16 2 0
github.com/mark3labs/iteratr/internal/template/template.go:105.16,107.3 1 0
github.com/mark3labs/iteratr/internal/template/template.go:110.2,121.43 2 0
github.com/mark3labs/iteratr/internal/template/template.go:125.47,126.27 1 3
github.com/mark3labs/iteratr/internal/template/template.go:126.27,128.3 1 1
github.com/mark3labs/iteratr/internal/template/template.go:130.2,131.34 2 2
github.com/mark3labs/iteratr/internal/template/template.go:131.34,132.16 1 4
github.com/mark3labs/iteratr/internal/template/template.go:132.16,134.4 1 2
github.com/mark3labs/iteratr/internal/template/template.go:137.2,137.22 1 2
github.com/mark3labs/iteratr/internal/template/template.go:137.22,139.3 1 1
github.com/mark3labs/iteratr/internal/template/template.go:141.2,143.29 3 1
github.com/mark3labs/iteratr/internal/template/template.go:143.29,149.3 1 2
github.com/mark3labs/iteratr/internal/template/template.go:150.2,150.20 1 1
github.com/mark3labs/iteratr/internal/template/template.go:154.47,155.27 1 2
github.com/mark3labs/iteratr/internal/template/template.go:155.27,157.3 1 1
github.com/mark3labs/iteratr/internal/template/template.go:160.2,161.35 2 1
github.com/mark3labs/iteratr/internal/template/template.go:161.35,163.3 1 3
github.com/mark3labs/iteratr/internal/template/template.go:165.2,167.33 3 1
github.com/mark3labs/iteratr/internal/template/template.go:167.33,169.22 2 4
github.com/mark3labs/iteratr/internal/template/template.go:169.22,170.12 1 1
github.com/mark3labs/iteratr/internal/template/template.go:174.3,176.30 3 3
github.com/mark3labs/iteratr/internal/template/template.go:176.30,178.4 1 3
github.com/mark3labs/iteratr/internal/template/template.go:180.2,180.20 1 1
github.com/mark3labs/iteratr/internal/template/template.go:184.47,185.27 1 2
github.com/mark3labs/iteratr/internal/template/template.go:185.27,187.3 1 1
github.com/mark3labs/iteratr/internal/template/template.go:190.2,191.35 2 1
github.com/mark3labs/iteratr/internal/template/template.go:191.35,193.3 1 4
github.com/mark3labs/iteratr/internal/template/template.go:195.2,197.34 3 1
github.com/mark3labs/iteratr/internal/template/template.go:197.34,199.22 2 4
github.com/mark3labs/iteratr/internal/template/template.go:199.22,200.12 1 0
github.com/mark3labs/iteratr/internal/template/template.go:204.3,206.30 3 4
github.com/mark3labs/iteratr/internal/template/template.go:206.30,208.26 2 4
github.com/mark3labs/iteratr/internal/template/template.go:208.26,210.5 1 2
github.com/mark3labs/iteratr/internal/template/template.go:211.4,211.87 1 4
github.com/mark3labs/iteratr/internal/template/template.go:215.2,215.20 1 1
github.com/mark3labs/iteratr/internal/session/control.go:13.76,24.16 3 4
github.com/mark3labs/iteratr/internal/session/control.go:24.16,26.3 1 0
github.com/mark3labs/iteratr/internal/session/control.go:28.2,28.12 1 4
github.com/mark3labs/iteratr/internal/session/inbox.go:25.104,27.26 1 7
github.com/mark3labs/iteratr/internal/session/inbox.go:27.26,29.3 1 1
github.com/mark3labs/iteratr/internal/session/inbox.go:32.2,46.16 5 6
github.com/mark3labs/iteratr/internal/session/inbox.go:46.16,48.3 1 0
github.com/mark3labs/iteratr/internal/session/inbox.go:51.2,58.17 2 6
github.com/mark3labs/iteratr/internal/session/inbox.go:63.102,65.21 1 5
github.com/mark3labs/iteratr/internal/session/inbox.go:65.21,67.3 1 0
github.com/mark3labs/iteratr/internal/session/inbox.go:70.2,71.16 2 5
github.com/mark3labs/iteratr/internal/session/inbox.go:71.16,73.3 1 0
github.com/mark3labs/iteratr/internal/session/inbox.go:76.2,77.16 2 5
github.com/mark3labs/iteratr/internal/session/inbox.go:77.16,79.3 1 2
github.com/mark3labs/iteratr/internal/session/inbox.go:82.2,95.12 4 3
github.com/mark3labs/iteratr/internal/session/inbox.go:99.84,102.16 2 1
github.com/mark3labs/iteratr/internal/session/inbox.go:102.16,104.3 1 0
github.com/mark3labs/iteratr/internal/session/inbox.go:107.2,108.34 2 1
github.com/mark3labs/iteratr/internal/session/inbox.go:108.34,109.16 1 4
github.com/mark3labs/iteratr/internal/session/inbox.go:109.16,111.4 1 3
github.com/mark3labs/iteratr/internal/session/inbox.go:114.2,114.20 1 1
github.com/mark3labs/iteratr/internal/session/inbox.go:120.72,122.25 1 5
github.com/mark3labs/iteratr/internal/session/inbox.go:122.25,124.3 1 1
github.com/mark3labs/iteratr/internal/session/inbox.go:127.2,128.34 2 4
github.com/mark3labs/iteratr/internal/session/inbox.go:128.34,129.68 1 15
github.com/mark3labs/iteratr/internal/session/inbox.go:129.68,131.4 1 3
github.com/mark3labs/iteratr/internal/session/inbox.go:135.2,135.22 1 4
github.com/mark3labs/iteratr/internal/session/inbox.go:136.9,137.61 1 1
github.com/mark3labs/iteratr/internal/session/inbox.go:138.9,139.25 1 3
github.com/mark3labs/iteratr/internal/session/inbox.go:140.10,141.107 1 0
github.com/mark3labs/iteratr/internal/session/iteration.go:13.87,18.16 2 6
github.com/mark3labs/iteratr/internal/session/iteration.go:18.16,20.3 1 0
github.com/mark3labs/iteratr/internal/session/iteration.go:23.2,33.16 3 6
github.com/mark3labs/iteratr/internal/session/iteration.go:33.16,35.3 1 0
github.com/mark3labs/iteratr/internal/session/iteration.go:37.2,37.12 1 6
github.com/mark3labs/iteratr/internal/session/iteration.go:42.90,47.16 2 3
github.com/mark3labs/iteratr/internal/session/iteration.go:47.16,49.3 1 0
github.com/mark3labs/iteratr/internal/session/iteration.go:52.2,62.16 3 3
github.com/mark3labs/iteratr/internal/session/iteration.go:62.16,64.3 1 0
github.com/mark3labs/iteratr/internal/session/iteration.go:66.2,66.12 1 3
github.com/mark3labs/iteratr/internal/session/note.go:27.99,29.26 1 13
github.com/mark3labs/iteratr/internal/session/note.go:29.26,31.3 1 1
github.com/mark3labs/iteratr/internal/session/note.go:32.2,32.23 1 12
github.com/mark3labs/iteratr/internal/session/note.go:32.23,34.3 1 1
github.com/mark3labs/iteratr/internal/session/note.go:37.2,37.35 1 11
github.com/mark3labs/iteratr/internal/session/note.go:37.35,39.3 1 1
github.com/mark3labs/iteratr/internal/session/note.go:42.2,63.16 6 10
github.com/mark3labs/iteratr/internal/session/note.go:63.16,65.3 1 0
github.com/mark3labs/iteratr/internal/session/note.go:68.2,76.18 2 10
github.com/mark3labs/iteratr/internal/session/note.go:80.103,83.16 2 3
github.com/mark3labs/iteratr/internal/session/note.go:83.16,85.3 1 0
github.com/mark3labs/iteratr/internal/session/note.go:88.2,88.23 1 3
github.com/mark3labs/iteratr/internal/session/note.go:88.23,90.3 1 1
github.com/mark3labs/iteratr/internal/session/note.go:93.2,93.35 1 2
github.com/mark3labs/iteratr/internal/session/note.go:93.35,95.3 1 1
github.com/mark3labs/iteratr/internal/session/note.go:98.2,99.35 2 1
github.com/mark3labs/iteratr/internal/session/note.go:99.35,100.31 1 9
github.com/mark3labs/iteratr/internal/session/note.go:100.31,102.4 1 4
github.com/mark3labs/iteratr/internal/session/note.go:105.2,105.22 1 1
github.com/mark3labs/iteratr/internal/session/note.go:109.44,110.18 1 13
github.com/mark3labs/iteratr/internal/session/note.go:111.46,112.14 1 11
github.com/mark3labs/iteratr/internal/session/note.go:113.10,114.15 1 2
github.com/mark3labs/iteratr/internal/session/session.go:34.71,39.2 1 7
github.com/mark3labs/iteratr/internal/session/session.go:44.91,46.30 1 43
github.com/mark3labs/iteratr/internal/session/session.go:46.30,48.3 1 18
github.com/mark3labs/iteratr/internal/session/session.go:51.2,52.16 2 43
github.com/mark3labs/iteratr/internal/session/session.go:52.16,54.3 1 0
github.com/mark3labs/iteratr/internal/session/session.go:57.2,61.16 3 43
github.com/mark3labs/iteratr/internal/session/session.go:61.16,63.3 1 0
github.com/mark3labs/iteratr/internal/session/session.go:65.2,65.17 1 43
github.com/mark3labs/iteratr/internal/session/session.go:116.37,117.20 1 131
github.com/mark3labs/iteratr/internal/session/session.go:118.26,119.27 1 37
github.com/mark3labs/iteratr/internal/session/session.go:120.26,121.27 1 35
github.com/mark3labs/iteratr/internal/session/session.go:122.27,123.28 1 39
github.com/mark3labs/iteratr/internal/session/session.go:124.31,125.32 1 16
github.com/mark3labs/iteratr/internal/session/session.go:126.29,127.30 1 4
github.com/mark3labs/iteratr/internal/session/session.go:132.46,133.22 1 37
github.com/mark3labs/iteratr/internal/session/session.go:134.13,143.24 3 33
github.com/mark3labs/iteratr/internal/session/session.go:143.24,145.4 1 0
github.com/mark3labs/iteratr/internal/session/session.go:148.3,156.28 2 33
github.com/mark3labs/iteratr/internal/session/session.go:158.16,168.52 3 4
github.com/mark3labs/iteratr/internal/session/session.go:168.52,172.4 3 4
github.com/mark3labs/iteratr/internal/session/session.go:177.46,178.22 1 35
github.com/mark3labs/iteratr/internal/session/session.go:179.13,195.36 4 35
github.com/mark3labs/iteratr/internal/session/session.go:200.47,201.22 1 39
github.com/mark3labs/iteratr/internal/session/session.go:202.13,210.35 2 30
github.com/mark3labs/iteratr/internal/session/session.go:212.19,220.32 3 9
github.com/mark3labs/iteratr/internal/session/session.go:220.32,221.32 1 26
github.com/mark3labs/iteratr/internal/session/session.go:221.32,223.10 2 9
github.com/mark3labs/iteratr/internal/session/session.go:230.51,231.22 1 16
github.com/mark3labs/iteratr/internal/session/session.go:232.15,245.46 4 11
github.com/mark3labs/iteratr/internal/session/session.go:247.18,255.38 3 5
github.com/mark3labs/iteratr/internal/session/session.go:255.38,256.34 1 9
github.com/mark3labs/iteratr/internal/session/session.go:256.34,259.10 3 5
github.com/mark3labs/iteratr/internal/session/session.go:266.49,267.22 1 4
github.com/mark3labs/iteratr/internal/session/session.go:268.26,269.21 1 4
github.com/mark3labs/iteratr/internal/session/session.go:275.80,282.16 2 27
github.com/mark3labs/iteratr/internal/session/session.go:282.16,284.3 1 0
github.com/mark3labs/iteratr/internal/session/session.go:287.2,295.6 3 27
github.com/mark3labs/iteratr/internal/session/session.go:295.6,298.17 2 27
github.com/mark3labs/iteratr/internal/session/session.go:298.17,300.9 1 0
github.com/mark3labs/iteratr/internal/session/session.go:303.3,304.36 2 27
github.com/mark3labs/iteratr/internal/session/session.go:304.36,308.61 3 131
github.com/mark3labs/iteratr/internal/session/session.go:308.61,311.13 2 0
github.com/mark3labs/iteratr/internal/session/session.go:315.4,315.22 1 131
github.com/mark3labs/iteratr/internal/session/session.go:315.22,318.5 2 33
github.com/mark3labs/iteratr/internal/session/session.go:321.4,324.13 2 131
github.com/mark3labs/iteratr/internal/session/session.go:328.3,328.27 1 27
github.com/mark3labs/iteratr/internal/session/session.go:328.27,329.9 1 27
github.com/mark3labs/iteratr/internal/session/session.go:333.2,333.19 1 27
github.com/mark3labs/iteratr/internal/session/task.go:38.99,40.26 1 10
github.com/mark3labs/iteratr/internal/session/task.go:40.26,42.3 1 0
github.com/mark3labs/iteratr/internal/session/task.go:45.2,46.18 2 10
github.com/mark3labs/iteratr/internal/session/task.go:46.18,48.3 1 3
github.com/mark3labs/iteratr/internal/session/task.go:51.2,51.32 1 10
github.com/mark3labs/iteratr/internal/session/task.go:51.32,53.3 1 1
github.com/mark3labs/iteratr/internal/session/task.go:56.2,77.16 6 9
github.com/mark3labs/iteratr/internal/session/task.go:77.16,79.3 1 0
github.com/mark3labs/iteratr/internal/session/task.go:82.2,91.18 2 9
github.com/mark3labs/iteratr/internal/session/task.go:96.96,98.21 1 4
github.com/mark3labs/iteratr/internal/session/task.go:98.21,100.3 1 0
github.com/mark3labs/iteratr/internal/session/task.go:101.2,101.25 1 4
github.com/mark3labs/iteratr/internal/session/task.go:101.25,103.3 1 0
github.com/mark3labs/iteratr/internal/session/task.go:106.2,106.39 1 4
github.com/mark3labs/iteratr/internal/session/task.go:106.39,108.3 1 0
github.com/mark3labs/iteratr/internal/session/task.go:111.2,112.16 2 4
github.com/mark3labs/iteratr/internal/session/task.go:112.16,114.3 1 0
github.com/mark3labs/iteratr/internal/session/task.go:117.2,118.16 2 4
github.com/mark3labs/iteratr/internal/session/task.go:118.16,120.3 1 2
github.com/mark3labs/iteratr/internal/session/task.go:123.2,139.12 4 2
github.com/mark3labs/iteratr/internal/session/task.go:143.88,146.16 2 1
github.com/mark3labs/iteratr/internal/session/task.go:146.16,148.3 1 0
github.com/mark3labs/iteratr/internal/session/task.go:151.2,158.35 2 1
github.com/mark3labs/iteratr/internal/session/task.go:158.35,159.22 1 5
github.com/mark3labs/iteratr/internal/session/task.go:160.20,161.53 1 2
github.com/mark3labs/iteratr/internal/session/task.go:162.22,163.55 1 1
github.com/mark3labs/iteratr/internal/session/task.go:164.20,165.53 1 1
github.com/mark3labs/iteratr/internal/session/task.go:166.18,167.49 1 1
github.com/mark3labs/iteratr/internal/session/task.go:171.2,171.20 1 1
github.com/mark3labs/iteratr/internal/session/task.go:175.44,176.16 1 14
github.com/mark3labs/iteratr/internal/session/task.go:177.58,178.14 1 13
github.com/mark3labs/iteratr/internal/session/task.go:179.10,180.15 1 1
github.com/mark3labs/iteratr/internal/session/task.go:187.69,189.50 1 4
github.com/mark3labs/iteratr/internal/session/task.go:189.50,191.3 1 1
github.com/mark3labs/iteratr/internal/session/task.go:194.2,194.25 1 3
github.com/mark3labs/iteratr/internal/session/task.go:194.25,196.3 1 1
github.com/mark3labs/iteratr/internal/session/task.go:199.2,200.34 2 2
github.com/mark3labs/iteratr/internal/session/task.go:200.34,201.44 1 7
github.com/mark3labs/iteratr/internal/session/task.go:201.44,203.4 1 1
github.com/mark3labs/iteratr/internal/session/task.go:207.2,207.22 1 2
github.com/mark3labs/iteratr/internal/session/task.go:208.9,209.58 1 1
github.com/mark3labs/iteratr/internal/session/task.go:210.9,211.25 1 1
github.com/mark3labs/iteratr/internal/session/task.go:212.10,213.101 1 0
github.com/mark3labs/iteratr/cmd/iteratr/main.go:8.13,11.2 2 0
github.com/mark3labs/iteratr/internal/nats/server.go:15.64,23.16 3 0
github.com/mark3labs/iteratr/internal/nats/server.go:23.16,25.3 1 0
github.com/mark3labs/iteratr/internal/nats/server.go:28.2,31.46 2 0
github.com/mark3labs/iteratr/internal/nats/server.go:31.46,33.3 1 0
github.com/mark3labs/iteratr/internal/nats/server.go:35.2,35.16 1 0
github.com/mark3labs/iteratr/internal/nats/server.go:40.62,42.2 1 0
github.com/mark3labs/iteratr/internal/nats/server.go:47.66,49.2 1 0
github.com/mark3labs/iteratr/internal/nats/server.go:54.55,56.15 1 0
github.com/mark3labs/iteratr/internal/nats/server.go:56.15,59.36 1 0
github.com/mark3labs/iteratr/internal/nats/server.go:59.36,62.4 1 0
github.com/mark3labs/iteratr/internal/nats/server.go:66.2,66.15 1 0
github.com/mark3labs/iteratr/internal/nats/server.go:66.15,70.3 2 0
github.com/mark3labs/iteratr/internal/nats/server.go:72.2,72.12 1 0
github.com/mark3labs/iteratr/internal/nats/store.go:25.47,27.2 1 0
github.com/mark3labs/iteratr/internal/nats/store.go:31.56,33.2 1 0
github.com/mark3labs/iteratr/internal/nats/store.go:38.89,45.2 1 0
github.com/mark3labs/iteratr/internal/nats/store.go:49.108,55.2 1 0
github.com/mark3labs/iteratr/internal/acp/client.go:31.81,37.2 1 0
github.com/mark3labs/iteratr/internal/acp/client.go:40.56,42.2 1 0
github.com/mark3labs/iteratr/internal/acp/client.go:45.66,47.2 1 0
github.com/mark3labs/iteratr/internal/acp/client.go:50.46,52.2 1 0
github.com/mark3labs/iteratr/internal/acp/client.go:55.121,57.16 2 0
github.com/mark3labs/iteratr/internal/acp/client.go:57.16,59.3 1 0
github.com/mark3labs/iteratr/internal/acp/client.go:60.2,60.64 1 0
github.com/mark3labs/iteratr/internal/acp/client.go:64.124,66.16 2 0
github.com/mark3labs/iteratr/internal/acp/client.go:66.16,68.3 1 0
github.com/mark3labs/iteratr/internal/acp/client.go:69.2,69.41 1 0
github.com/mark3labs/iteratr/internal/acp/client.go:73.94,76.9 2 0
github.com/mark3labs/iteratr/internal/acp/client.go:77.34,79.67 1 0
github.com/mark3labs/iteratr/internal/acp/client.go:79.67,81.4 1 0
github.com/mark3labs/iteratr/internal/acp/client.go:83.25,85.43 1 0
github.com/mark3labs/iteratr/internal/acp/client.go:87.31,89.26 1 0
github.com/mark3labs/iteratr/internal/acp/client.go:89.26,91.4 1 0
github.com/mark3labs/iteratr/internal/acp/client.go:94.2,94.12 1 0
github.com/mark3labs/iteratr/internal/acp/client.go:98.136,101.30 1 0
github.com/mark3labs/iteratr/internal/acp/client.go:101.30,109.3 1 0
github.com/mark3labs/iteratr/internal/acp/client.go:111.2,118.8 1 0
github.com/mark3labs/iteratr/internal/acp/client.go:122.127,125.2 1 0
github.com/mark3labs/iteratr/internal/acp/client.go:128.142,130.2 1 0
github.com/mark3labs/iteratr/internal/acp/client.go:133.127,135.2 1 0
github.com/mark3labs/iteratr/internal/acp/client.go:138.130,140.2 1 0
github.com/mark3labs/iteratr/internal/acp/client.go:143.142,145.2 1 0
github.com/mark3labs/iteratr/internal/acp/client.go:150.94,155.9 3 0
github.com/mark3labs/iteratr/internal/acp/client.go:155.9,157.3 1 0
github.com/mark3labs/iteratr/internal/acp/client.go:159.2,163.18 3 0
github.com/mark3labs/iteratr/internal/acp/client.go:164.18,165.44 1 0
github.com/mark3labs/iteratr/internal/acp/client.go:166.21,167.47 1 0
github.com/mark3labs/iteratr/internal/acp/client.go:168.19,169.38 1 0
github.com/mark3labs/iteratr/internal/acp/client.go:170.18,171.44 1 0
github.com/mark3labs/iteratr/internal/acp/client.go:172.19,173.45 1 0
github.com/mark3labs/iteratr/internal/acp/client.go:174.20,175.39 1 0
github.com/mark3labs/iteratr/internal/acp/client.go:176.25,177.50 1 0
github.com/mark3labs/iteratr/internal/acp/client.go:178.26,180.27 2 0
github.com/mark3labs/iteratr/internal/acp/client.go:181.10,183.13 1 0
github.com/mark3labs/iteratr/internal/acp/client.go:187.2,187.16 1 0
github.com/mark3labs/iteratr/internal/acp/client.go:187.16,188.26 1 0
github.com/mark3labs/iteratr/internal/acp/client.go:188.26,190.4 1 0
github.com/mark3labs/iteratr/internal/acp/client.go:191.3,191.13 1 0
github.com/mark3labs/iteratr/internal/acp/client.go:195.2,195.25 1 0
github.com/mark3labs/iteratr/internal/acp/client.go:195.25,197.3 1 0
github.com/mark3labs/iteratr/internal/acp/client.go:199.2,199.12 1 0
github.com/mark3labs/iteratr/internal/acp/client.go:203.49,204.16 1 0
github.com/mark3labs/iteratr/internal/acp/client.go:204.16,206.3 1 0
github.com/mark3labs/iteratr/internal/acp/client.go:207.2,207.19 1 0
github.com/mark3labs/iteratr/internal/acp/client.go:207.19,209.3 1 0
github.com/mark3labs/iteratr/internal/acp/client.go:210.2,211.18 2 0
github.com/mark3labs/iteratr/internal/acp/client.go:215.76,221.16 4 0
github.com/mark3labs/iteratr/internal/acp/client.go:221.16,223.3 1 0
github.com/mark3labs/iteratr/internal/acp/client.go:225.2,226.16 2 0
github.com/mark3labs/iteratr/internal/acp/client.go:226.16,228.3 1 0
github.com/mark3labs/iteratr/internal/acp/client.go:230.2,230.36 1 0
github.com/mark3labs/iteratr/internal/acp/client.go:230.36,232.3 1 0
github.com/mark3labs/iteratr/internal/acp/client.go:235.2,247.16 3 0
github.com/mark3labs/iteratr/internal/acp/client.go:247.16,249.3 1 0
github.com/mark3labs/iteratr/internal/acp/client.go:252.2,255.16 2 0
github.com/mark3labs/iteratr/internal/acp/client.go:255.16,257.3 1 0
github.com/mark3labs/iteratr/internal/acp/client.go:259.2,266.16 3 0
github.com/mark3labs/iteratr/internal/acp/client.go:266.16,268.3 1 0
github.com/mark3labs/iteratr/internal/acp/client.go:271.2,271.35 1 0
github.com/mark3labs/iteratr/internal/acp/client.go:271.35,273.3 1 0
github.com/mark3labs/iteratr/internal/acp/client.go:275.2,275.12 1 0
github.com/mark3labs/iteratr/internal/acp/tools.go:15.101,21.19 4 0
github.com/mark3labs/iteratr/internal/acp/tools.go:21.19,23.3 1 0
github.com/mark3labs/iteratr/internal/acp/tools.go:25.2,31.52 2 0
github.com/mark3labs/iteratr/internal/acp/tools.go:35.94,41.14 4 0
github.com/mark3labs/iteratr/internal/acp/tools.go:41.14,43.3 1 0
github.com/mark3labs/iteratr/internal/acp/tools.go:44.2,44.18 1 0
github.com/mark3labs/iteratr/internal/acp/tools.go:44.18,46.3 1 0
github.com/mark3labs/iteratr/internal/acp/tools.go:48.2,55.16 3 0
github.com/mark3labs/iteratr/internal/acp/tools.go:55.16,57.3 1 0
github.com/mark3labs/iteratr/internal/acp/tools.go:59.2,59.52 1 0
github.com/mark3labs/iteratr/internal/acp/tools.go:63.90,65.2 1 0
github.com/mark3labs/iteratr/internal/acp/tools.go:68.101,74.19 4 0
github.com/mark3labs/iteratr/internal/acp/tools.go:74.19,76.3 1 0
github.com/mark3labs/iteratr/internal/acp/tools.go:77.2,77.20 1 0
github.com/mark3labs/iteratr/internal/acp/tools.go:77.20,79.3 1 0
github.com/mark3labs/iteratr/internal/acp/tools.go:81.2,87.52 2 0
github.com/mark3labs/iteratr/internal/acp/tools.go:91.104,100.2 3 0
github.com/mark3labs/iteratr/internal/acp/tools.go:103.86,105.2 1 0
github.com/mark3labs/iteratr/internal/acp/tools.go:108.97,112.14 2 0
github.com/mark3labs/iteratr/internal/acp/tools.go:112.14,114.3 1 0
github.com/mark3labs/iteratr/internal/acp/tools.go:116.2,121.16 3 0
github.com/mark3labs/iteratr/internal/acp/tools.go:121.16,123.3 1 0
github.com/mark3labs/iteratr/internal/acp/tools.go:125.2,125.56 1 0
github.com/mark3labs/iteratr/internal/acp/tools.go:129.77,131.16 2 0
github.com/mark3labs/iteratr/internal/acp/tools.go:131.16,133.3 1 0
github.com/mark3labs/iteratr/internal/acp/tools.go:135.2,135.61 1 0
github.com/mark3labs/iteratr/internal/acp/tools.go:140.67,144.12 2 0
github.com/mark3labs/iteratr/internal/acp/tools.go:144.12,145.46 1 0
github.com/mark3labs/iteratr/internal/acp/tools.go:145.46,147.4 1 0
github.com/mark3labs/iteratr/internal/acp/tools.go:151.2,152.52 2 0
github.com/mark3labs/iteratr/internal/acp/tools.go:152.52,154.3 1 0
github.com/mark3labs/iteratr/internal/acp/tools.go:157.2,158.16 2 0
github.com/mark3labs/iteratr/internal/acp/tools.go:158.16,160.3 1 0
github.com/mark3labs/iteratr/internal/acp/tools.go:164.2,433.71 2 0
github.com/mark3labs/iteratr/internal/acp/tools.go:433.71,435.3 1 0
github.com/mark3labs/iteratr/internal/acp/tools.go:437.2,437.12 1 0
github.com/mark3labs/iteratr/internal/tui/agent.go:15.36,17.2 1 0
github.com/mark3labs/iteratr/internal/tui/agent.go:20.38,23.2 1 0
github.com/mark3labs/iteratr/internal/tui/agent.go:26.51,29.2 1 0
github.com/mark3labs/iteratr/internal/tui/agent.go:32.39,35.2 1 0
github.com/mark3labs/iteratr/internal/tui/agent.go:38.61,42.2 3 0
github.com/mark3labs/iteratr/internal/tui/agent.go:45.54,48.2 2 0
github.com/mark3labs/iteratr/internal/tui/app.go:48.96,62.2 1 0
github.com/mark3labs/iteratr/internal/tui/app.go:66.30,72.2 1 0
github.com/mark3labs/iteratr/internal/tui/app.go:75.56,76.27 1 0
github.com/mark3labs/iteratr/internal/tui/app.go:77.23,78.31 1 0
github.com/mark3labs/iteratr/internal/tui/app.go:80.25,91.4 3 0
github.com/mark3labs/iteratr/internal/tui/app.go:93.22,94.40 1 0
github.com/mark3labs/iteratr/internal/tui/app.go:96.25,97.49 1 0
github.com/mark3labs/iteratr/internal/tui/app.go:99.22,107.4 1 0
github.com/mark3labs/iteratr/internal/tui/app.go:111.2,112.22 2 0
github.com/mark3labs/iteratr/internal/tui/app.go:113.21,114.32 1 0
github.com/mark3labs/iteratr/internal/tui/app.go:115.17,116.28 1 0
github.com/mark3labs/iteratr/internal/tui/app.go:117.16,118.27 1 0
github.com/mark3labs/iteratr/internal/tui/app.go:119.17,120.28 1 0
github.com/mark3labs/iteratr/internal/tui/app.go:121.17,122.28 1 0
github.com/mark3labs/iteratr/internal/tui/app.go:125.2,125.15 1 0
github.com/mark3labs/iteratr/internal/tui/app.go:129.72,133.11 2 0
github.com/mark3labs/iteratr/internal/tui/app.go:134.11,136.16 2 0
github.com/mark3labs/iteratr/internal/tui/app.go:137.11,139.16 2 0
github.com/mark3labs/iteratr/internal/tui/app.go:140.11,142.16 2 0
github.com/mark3labs/iteratr/internal/tui/app.go:143.11,145.16 2 0
github.com/mark3labs/iteratr/internal/tui/app.go:146.11,148.16 2 0
github.com/mark3labs/iteratr/internal/tui/app.go:149.21,151.21 2 0
github.com/mark3labs/iteratr/internal/tui/app.go:154.2,154.15 1 0
github.com/mark3labs/iteratr/internal/tui/app.go:159.31,160.16 1 0
github.com/mark3labs/iteratr/internal/tui/app.go:160.16,163.3 2 0
github.com/mark3labs/iteratr/internal/tui/app.go:166.2,178.10 9 0
github.com/mark3labs/iteratr/internal/tui/app.go:182.37,190.53 5 0
github.com/mark3labs/iteratr/internal/tui/app.go:190.53,193.3 1 0
github.com/mark3labs/iteratr/internal/tui/app.go:196.2,208.17 7 0
github.com/mark3labs/iteratr/internal/tui/app.go:208.17,210.3 1 0
github.com/mark3labs/iteratr/internal/tui/app.go:213.2,216.50 2 0
github.com/mark3labs/iteratr/internal/tui/app.go:220.41,221.22 1 0
github.com/mark3labs/iteratr/internal/tui/app.go:222.21,223.30 1 0
github.com/mark3labs/iteratr/internal/tui/app.go:224.17,225.26 1 0
github.com/mark3labs/iteratr/internal/tui/app.go:226.16,227.25 1 0
github.com/mark3labs/iteratr/internal/tui/app.go:228.17,229.26 1 0
github.com/mark3labs/iteratr/internal/tui/app.go:230.17,231.26 1 0
github.com/mark3labs/iteratr/internal/tui/app.go:232.10,233.24 1 0
github.com/mark3labs/iteratr/internal/tui/app.go:238.39,252.26 3 0
github.com/mark3labs/iteratr/internal/tui/app.go:252.26,253.29 1 0
github.com/mark3labs/iteratr/internal/tui/app.go:253.29,256.4 1 0
github.com/mark3labs/iteratr/internal/tui/app.go:256.9,259.4 1 0
github.com/mark3labs/iteratr/internal/tui/app.go:262.2,262.32 1 0
github.com/mark3labs/iteratr/internal/tui/app.go:266.37,283.26 3 0
github.com/mark3labs/iteratr/internal/tui/app.go:283.26,286.29 3 0
github.com/mark3labs/iteratr/internal/tui/app.go:286.29,289.4 1 0
github.com/mark3labs/iteratr/internal/tui/app.go:290.3,290.39 1 0
github.com/mark3labs/iteratr/internal/tui/app.go:294.2,301.17 6 0
github.com/mark3labs/iteratr/internal/tui/app.go:301.17,303.3 1 0
github.com/mark3labs/iteratr/internal/tui/app.go:305.2,308.50 2 0
github.com/mark3labs/iteratr/internal/tui/app.go:313.43,314.24 1 0
github.com/mark3labs/iteratr/internal/tui/app.go:314.24,318.3 1 0
github.com/mark3labs/iteratr/internal/tui/app.go:322.42,323.24 1 0
github.com/mark3labs/iteratr/internal/tui/app.go:323.24,325.17 2 0
github.com/mark3labs/iteratr/internal/tui/app.go:325.17,328.4 1 0
github.com/mark3labs/iteratr/internal/tui/app.go:329.3,329.38 1 0
github.com/mark3labs/iteratr/internal/tui/dashboard.go:18.32,20.2 1 0
github.com/mark3labs/iteratr/internal/tui/dashboard.go:23.49,26.2 1 0
github.com/mark3labs/iteratr/internal/tui/dashboard.go:29.37,32.2 1 0
github.com/mark3labs/iteratr/internal/tui/dashboard.go:35.59,39.2 3 0
github.com/mark3labs/iteratr/internal/tui/dashboard.go:42.49,45.2 2 0
github.com/mark3labs/iteratr/internal/tui/dashboard.go:48.63,51.2 2 0
github.com/mark3labs/iteratr/internal/tui/inbox.go:16.34,18.2 1 0
github.com/mark3labs/iteratr/internal/tui/inbox.go:21.50,24.2 1 0
github.com/mark3labs/iteratr/internal/tui/inbox.go:27.38,30.2 1 0
github.com/mark3labs/iteratr/internal/tui/inbox.go:33.60,37.2 3 0
github.com/mark3labs/iteratr/internal/tui/inbox.go:40.64,43.2 2 0
github.com/mark3labs/iteratr/internal/tui/logs.go:16.32,18.2 1 0
github.com/mark3labs/iteratr/internal/tui/logs.go:21.49,24.2 1 0
github.com/mark3labs/iteratr/internal/tui/logs.go:27.37,30.2 1 0
github.com/mark3labs/iteratr/internal/tui/logs.go:33.59,37.2 3 0
github.com/mark3labs/iteratr/internal/tui/logs.go:40.63,43.2 2 0
github.com/mark3labs/iteratr/internal/tui/notes.go:16.34,18.2 1 0
github.com/mark3labs/iteratr/internal/tui/notes.go:21.50,24.2 1 0
github.com/mark3labs/iteratr/internal/tui/notes.go:27.38,30.2 1 0
github.com/mark3labs/iteratr/internal/tui/notes.go:33.60,37.2 3 0
github.com/mark3labs/iteratr/internal/tui/notes.go:40.64,43.2 2 0
github.com/mark3labs/iteratr/internal/tui/tasks.go:16.30,18.2 1 0
github.com/mark3labs/iteratr/internal/tui/tasks.go:21.48,24.2 1 0
github.com/mark3labs/iteratr/internal/tui/tasks.go:27.36,30.2 1 0
github.com/mark3labs/iteratr/internal/tui/tasks.go:33.58,37.2 3 0
github.com/mark3labs/iteratr/internal/tui/tasks.go:40.62,43.2 2 0
